<?xml version="1.0" encoding="UTF-8"?>
<!-- Generated by org.testng.reporters.JUnitReportReporter -->
<testsuite skipped="0" hostname="DESKTOP-I05J5N3" name="company.employee_rest_api.CreateEmployeeTest" tests="1" failures="0" timestamp="09 Mar 2020 23:49:47 GMT" time="0.629" errors="0">
  <testcase name="createEmployee" time="0.629" classname="company.employee_rest_api.CreateEmployeeTest"/>
</testsuite> <!-- company.employee_rest_api.CreateEmployeeTest -->
