<?xml version="1.0" encoding="UTF-8"?>
<!-- Generated by org.testng.reporters.JUnitReportReporter -->
<testsuite skipped="0" hostname="DESKTOP-I05J5N3" name="company.employee_rest_api.DeleteEmployeeTest" tests="1" failures="0" timestamp="10 Mar 2020 14:56:41 GMT" time="0.616" errors="0">
  <testcase name="deleteEmployee" time="0.616" classname="company.employee_rest_api.DeleteEmployeeTest"/>
</testsuite> <!-- company.employee_rest_api.DeleteEmployeeTest -->
