<?xml version="1.0" encoding="UTF-8"?>
<!-- Generated by org.testng.reporters.JUnitReportReporter -->
<testsuite skipped="0" hostname="DESKTOP-I05J5N3" name="company.employee_rest_api.GetEmployeesTest" tests="2" failures="0" timestamp="10 Mar 2020 15:29:34 GMT" time="1.707" errors="0">
  <testcase name="getEmployeeById" time="0.549" classname="company.employee_rest_api.GetEmployeesTest"/>
  <testcase name="getAllEmployees" time="1.158" classname="company.employee_rest_api.GetEmployeesTest"/>
</testsuite> <!-- company.employee_rest_api.GetEmployeesTest -->
