<?xml version="1.0" encoding="UTF-8"?>
<!-- Generated by org.testng.reporters.JUnitReportReporter -->
<testsuite skipped="0" hostname="DESKTOP-I05J5N3" name="company.employee_rest_api.GetEmployeesTest" tests="1" failures="0" timestamp="09 Mar 2020 21:06:24 GMT" time="7.085" errors="0">
  <testcase name="test1" time="7.085" classname="company.employee_rest_api.GetEmployeesTest"/>
</testsuite> <!-- company.employee_rest_api.GetEmployeesTest -->
