<?xml version="1.0" encoding="UTF-8"?>
<!-- Generated by org.testng.reporters.JUnitReportReporter -->
<testsuite skipped="0" hostname="DESKTOP-I05J5N3" name="company.employee_rest_api.GetEmployeesTest" tests="2" failures="0" timestamp="09 Mar 2020 21:23:53 GMT" time="1.311" errors="0">
  <testcase name="getAllEmployees" time="1.279" classname="company.employee_rest_api.GetEmployeesTest"/>
  <testcase name="getEmployeeById" time="0.032" classname="company.employee_rest_api.GetEmployeesTest"/>
</testsuite> <!-- company.employee_rest_api.GetEmployeesTest -->
