<?xml version="1.0" encoding="UTF-8"?>
<!-- Generated by org.testng.reporters.JUnitReportReporter -->
<testsuite skipped="0" hostname="DESKTOP-I05J5N3" name="company.employee_rest_api.DeactivateEmployeeTest" tests="1" failures="0" timestamp="10 Mar 2020 15:29:34 GMT" time="0.550" errors="0">
  <testcase name="deactivateEmployee" time="0.550" classname="company.employee_rest_api.DeactivateEmployeeTest"/>
</testsuite> <!-- company.employee_rest_api.DeactivateEmployeeTest -->
